<?xml version="1.0" encoding="UTF-8"?>
<testsuite name="REST Project 6.Data Driven TestSuite" tests="1" failures="0" errors="0" time="0.589"><properties><property name="sun.desktop" value="windows"/><property name="awt.toolkit" value="sun.awt.windows.WToolkit"/><property name="java.specification.version" value="12"/><property name="sun.cpu.isalist" value="amd64"/><property name="sun.jnu.encoding" value="Cp1252"/><property name="java.class.path" value="C:\Program Files\SmartBear\SoapUI-5.6.0\bin\soapui-5.6.0.jar;C:\Program Files\SmartBear\SoapUI-5.6.0\bin\..\lib\activation-1.1.jar;C:\Program Files\SmartBear\SoapUI-5.6.0\bin\..\lib\analytics-core-5.5.1.jar;C:\Program Files\SmartBear\SoapUI-5.6.0\bin\..\lib\animal-sniffer-annotations-1.11.jar;C:\Program Files\SmartBear\SoapUI-5.6.0\bin\..\lib\bcprov-ext-jdk15on-1.60.jar;C:\Program Files\SmartBear\SoapUI-5.6.0\bin\..\lib\bcprov-jdk15-144.jar;C:\Program Files\SmartBear\SoapUI-5.6.0\bin\..\lib\bcprov-jdk15on-1.60.jar;C:\Program Files\SmartBear\SoapUI-5.6.0\bin\..\lib\binding-2.0.1.jar;C:\Program Files\SmartBear\SoapUI-5.6.0\bin\..\lib\commons-beanutils-1.7.0.jar;C:\Program Files\SmartBear\SoapUI-5.6.0\bin\..\lib\commons-cli-1.2.jar;C:\Program Files\SmartBear\SoapUI-5.6.0\bin\..\lib\commons-codec-1.10.jar;C:\Program Files\SmartBear\SoapUI-5.6.0\bin\..\lib\commons-collections-3.2.2.jar;C:\Program Files\SmartBear\SoapUI-5.6.0\bin\..\lib\commons-httpclient-3.1.jar;C:\Program Files\SmartBear\SoapUI-5.6.0\bin\..\lib\commons-io-2.4.jar;C:\Program Files\SmartBear\SoapUI-5.6.0\bin\..\lib\commons-lang-2.4.jar;C:\Program Files\SmartBear\SoapUI-5.6.0\bin\..\lib\commons-logging-1.2.jar;C:\Program Files\SmartBear\SoapUI-5.6.0\bin\..\lib\cssparser-0.9.5.jar;C:\Program Files\SmartBear\SoapUI-5.6.0\bin\..\lib\dom4j-1.6.1.jar;C:\Program Files\SmartBear\SoapUI-5.6.0\bin\..\lib\ezmorph-1.0.5.jar;C:\Program Files\SmartBear\SoapUI-5.6.0\bin\..\lib\flex-messaging-common-1.0.jar;C:\Program Files\SmartBear\SoapUI-5.6.0\bin\..\lib\flex-messaging-core-1.0.jar;C:\Program Files\SmartBear\SoapUI-5.6.0\bin\..\lib\flex-messaging-opt-1.0.jar;C:\Program Files\SmartBear\SoapUI-5.6.0\bin\..\lib\flex-messaging-proxy-1.0.jar;C:\Program Files\SmartBear\SoapUI-5.6.0\bin\..\lib\flex-messaging-remoting-1.0.jar;C:\Program Files\SmartBear\SoapUI-5.6.0\bin\..\lib\forms-1.0.7.jar;C:\Program Files\SmartBear\SoapUI-5.6.0\bin\..\lib\google-http-client-1.21.0.jar;C:\Program Files\SmartBear\SoapUI-5.6.0\bin\..\lib\google-oauth-client-1.21.0.jar;C:\Program Files\SmartBear\SoapUI-5.6.0\bin\..\lib\groovy-all-2.4.17.jar;C:\Program Files\SmartBear\SoapUI-5.6.0\bin\..\lib\guava-14.0.jar;C:\Program Files\SmartBear\SoapUI-5.6.0\bin\..\lib\hamcrest-core-1.3.jar;C:\Program Files\SmartBear\SoapUI-5.6.0\bin\..\lib\hermes-1.14.jar;C:\Program Files\SmartBear\SoapUI-5.6.0\bin\..\lib\htmlunit-2.7.jar;C:\Program Files\SmartBear\SoapUI-5.6.0\bin\..\lib\htmlunit-core-js-2.7.jar;C:\Program Files\SmartBear\SoapUI-5.6.0\bin\..\lib\httpclient-4.5.5.jar;C:\Program Files\SmartBear\SoapUI-5.6.0\bin\..\lib\httpclient-cache-4.5.5.jar;C:\Program Files\SmartBear\SoapUI-5.6.0\bin\..\lib\httpcore-4.4.9.jar;C:\Program Files\SmartBear\SoapUI-5.6.0\bin\..\lib\httpcore-nio-4.4.9.jar;C:\Program Files\SmartBear\SoapUI-5.6.0\bin\..\lib\httpmime-4.5.5.jar;C:\Program Files\SmartBear\SoapUI-5.6.0\bin\..\lib\i4jruntime-5.1.14.jar;C:\Program Files\SmartBear\SoapUI-5.6.0\bin\..\lib\javafx-base-12-win.jar;C:\Program Files\SmartBear\SoapUI-5.6.0\bin\..\lib\javafx-base-12.jar;C:\Program Files\SmartBear\SoapUI-5.6.0\bin\..\lib\javafx-controls-12-win.jar;C:\Program Files\SmartBear\SoapUI-5.6.0\bin\..\lib\javafx-controls-12.jar;C:\Program Files\SmartBear\SoapUI-5.6.0\bin\..\lib\javafx-graphics-12-win.jar;C:\Program Files\SmartBear\SoapUI-5.6.0\bin\..\lib\javafx-graphics-12.jar;C:\Program Files\SmartBear\SoapUI-5.6.0\bin\..\lib\javafx-media-12-win.jar;C:\Program Files\SmartBear\SoapUI-5.6.0\bin\..\lib\javafx-media-12.jar;C:\Program Files\SmartBear\SoapUI-5.6.0\bin\..\lib\javafx-swing-12-win.jar;C:\Program Files\SmartBear\SoapUI-5.6.0\bin\..\lib\javafx-web-12-win.jar;C:\Program Files\SmartBear\SoapUI-5.6.0\bin\..\lib\javassist-3.16.1-GA.jar;C:\Program Files\SmartBear\SoapUI-5.6.0\bin\..\lib\jaxen-1.1-beta-8.jar;C:\Program Files\SmartBear\SoapUI-5.6.0\bin\..\lib\jcifs-1.2.9.jar;C:\Program Files\SmartBear\SoapUI-5.6.0\bin\..\lib\jdom-1.0.jar;C:\Program Files\SmartBear\SoapUI-5.6.0\bin\..\lib\jettison-1.2.jar;C:\Program Files\SmartBear\SoapUI-5.6.0\bin\..\lib\jetty-6.1.26.jar;C:\Program Files\SmartBear\SoapUI-5.6.0\bin\..\lib\jetty-util-6.1.26.jar;C:\Program Files\SmartBear\SoapUI-5.6.0\bin\..\lib\jms-1.1.jar;C:\Program Files\SmartBear\SoapUI-5.6.0\bin\..\lib\joda-time-1.6.2.jar;C:\Program Files\SmartBear\SoapUI-5.6.0\bin\..\lib\js-1.7R2.jar;C:\Program Files\SmartBear\SoapUI-5.6.0\bin\..\lib\json-20090211.jar;C:\Program Files\SmartBear\SoapUI-5.6.0\bin\..\lib\json-lib-2.2.2-jdk15.jar;C:\Program Files\SmartBear\SoapUI-5.6.0\bin\..\lib\json-path-0.9.1.jar;C:\Program Files\SmartBear\SoapUI-5.6.0\bin\..\lib\json-smart-1.2.jar;C:\Program Files\SmartBear\SoapUI-5.6.0\bin\..\lib\jsr173_api-1.0.jar;C:\Program Files\SmartBear\SoapUI-5.6.0\bin\..\lib\jsr305-1.3.9.jar;C:\Program Files\SmartBear\SoapUI-5.6.0\bin\..\lib\jtidy-r872-jdk15.jar;C:\Program Files\SmartBear\SoapUI-5.6.0\bin\..\lib\junit-4.12.jar;C:\Program Files\SmartBear\SoapUI-5.6.0\bin\..\lib\l2fprod-common-directorychooser-7.3.jar;C:\Program Files\SmartBear\SoapUI-5.6.0\bin\..\lib\l2fprod-common-fontchooser-7.3.jar;C:\Program Files\SmartBear\SoapUI-5.6.0\bin\..\lib\log4j-1.2.14.jar;C:\Program Files\SmartBear\SoapUI-5.6.0\bin\..\lib\looks-2.2.0.jar;C:\Program Files\SmartBear\SoapUI-5.6.0\bin\..\lib\mail-1.4.jar;C:\Program Files\SmartBear\SoapUI-5.6.0\bin\..\lib\maven-plugin-api-2.0.jar;C:\Program Files\SmartBear\SoapUI-5.6.0\bin\..\lib\mixpanel-java-1.4.4.jar;C:\Program Files\SmartBear\SoapUI-5.6.0\bin\..\lib\nekohtml-1.9.14.jar;C:\Program Files\SmartBear\SoapUI-5.6.0\bin\..\lib\not-going-to-be-commons-ssl-0.3.20.jar;C:\Program Files\SmartBear\SoapUI-5.6.0\bin\..\lib\opensaml-2.5.1-1.jar;C:\Program Files\SmartBear\SoapUI-5.6.0\bin\..\lib\openws-1.4.2-1.jar;C:\Program Files\SmartBear\SoapUI-5.6.0\bin\..\lib\org.apache.oltu.oauth2.client-0.31.jar;C:\Program Files\SmartBear\SoapUI-5.6.0\bin\..\lib\org.apache.oltu.oauth2.common-0.31.jar;C:\Program Files\SmartBear\SoapUI-5.6.0\bin\..\lib\org.apache.oltu.oauth2.httpclient4-0.31.jar;C:\Program Files\SmartBear\SoapUI-5.6.0\bin\..\lib\out-app-analytics-provider-5.5.1.jar;C:\Program Files\SmartBear\SoapUI-5.6.0\bin\..\lib\proxy-vole-20131209.jar;C:\Program Files\SmartBear\SoapUI-5.6.0\bin\..\lib\reflections-0.9.9-RC1.jar;C:\Program Files\SmartBear\SoapUI-5.6.0\bin\..\lib\rsyntaxtextarea-2.5.0.jar;C:\Program Files\SmartBear\SoapUI-5.6.0\bin\..\lib\sac-1.3.jar;C:\Program Files\SmartBear\SoapUI-5.6.0\bin\..\lib\saxon-9.1.0.8j.jar;C:\Program Files\SmartBear\SoapUI-5.6.0\bin\..\lib\saxon-9.jar;C:\Program Files\SmartBear\SoapUI-5.6.0\bin\..\lib\saxon-dom-9.1.0.8j.jar;C:\Program Files\SmartBear\SoapUI-5.6.0\bin\..\lib\serializer-2.7.1.jar;C:\Program Files\SmartBear\SoapUI-5.6.0\bin\..\lib\servlet-api-2.5-20081211.jar;C:\Program Files\SmartBear\SoapUI-5.6.0\bin\..\lib\slf4j-api-1.6.1.jar;C:\Program Files\SmartBear\SoapUI-5.6.0\bin\..\lib\slf4j-log4j12-1.6.4.jar;C:\Program Files\SmartBear\SoapUI-5.6.0\bin\..\lib\stax-api-1.0.1.jar;C:\Program Files\SmartBear\SoapUI-5.6.0\bin\..\lib\swingx-soapui.jar;C:\Program Files\SmartBear\SoapUI-5.6.0\bin\..\lib\ws-commons-util-1.0.2.jar;C:\Program Files\SmartBear\SoapUI-5.6.0\bin\..\lib\wsdl4j-1.6.2-fixed.jar;C:\Program Files\SmartBear\SoapUI-5.6.0\bin\..\lib\wss4j-1.6.16.jar;C:\Program Files\SmartBear\SoapUI-5.6.0\bin\..\lib\xalan-2.7.1.jar;C:\Program Files\SmartBear\SoapUI-5.6.0\bin\..\lib\xercesImpl-2.9.1.jar;C:\Program Files\SmartBear\SoapUI-5.6.0\bin\..\lib\xml-apis-1.3.04.jar;C:\Program Files\SmartBear\SoapUI-5.6.0\bin\..\lib\xml-apis-2.9.1.jar;C:\Program Files\SmartBear\SoapUI-5.6.0\bin\..\lib\xmlbeans-3.1.1-sb-fixed.jar;C:\Program Files\SmartBear\SoapUI-5.6.0\bin\..\lib\xmlbeans-xmlpublic-2.6.0.jar;C:\Program Files\SmartBear\SoapUI-5.6.0\bin\..\lib\xmlbeans-xpath-2.6.0.jar;C:\Program Files\SmartBear\SoapUI-5.6.0\bin\..\lib\xmlParserAPIs-2.6.2.jar;C:\Program Files\SmartBear\SoapUI-5.6.0\bin\..\lib\xmlsec-1.4.5.jar;C:\Program Files\SmartBear\SoapUI-5.6.0\bin\..\lib\xmltooling-1.3.2-1.jar;C:\Program Files\SmartBear\SoapUI-5.6.0\bin\..\lib\xmlunit-1.2.jar;C:\Program Files\SmartBear\SoapUI-5.6.0\bin\..\lib\xom-1.1.jar;C:\Program Files\SmartBear\SoapUI-5.6.0\bin\..\lib\xstream-1.3.1.jar;C:\Program Files\SmartBear\SoapUI-5.6.0\jre\lib\jfxrt.jar"/><property name="sun.awt.enableExtraMouseButtons" value="true"/><property name="java.vm.vendor" value="Oracle Corporation"/><property name="sun.arch.data.model" value="64"/><property name="user.variant" value=""/><property name="java.vendor.url" value="https://java.oracle.com/"/><property name="user.timezone" value="Europe/Stockholm"/><property name="user.country.format" value="SE"/><property name="java.vm.specification.version" value="12"/><property name="os.name" value="Windows 10"/><property name="sun.java.launcher" value="SUN_STANDARD"/><property name="user.country" value="GB"/><property name="sun.boot.library.path" value="C:\Program Files\SmartBear\SoapUI-5.6.0\jre\bin"/><property name="sun.java.command" value="com.eviware.soapui.tools.SoapUITestCaseRunner -sData Driven TestSuite -cTestCase 1 -r -a -j -J -fC:\Users\Mamoudou\Desktop\Data Science\API_Test_Automation_SoapUI\reports -tC:\Users\Mamoudou\soapui-settings.xml C:\Users\Mamoudou\Documents\REST-Project-6-soapui-project.xml"/><property name="jdk.debug" value="release"/><property name="sun.cpu.endian" value="little"/><property name="user.home" value="C:\Users\Mamoudou"/><property name="user.language" value="en"/><property name="java.specification.vendor" value="Oracle Corporation"/><property name="soapui.home" value="C:\Program Files\SmartBear\SoapUI-5.6.0\bin\"/><property name="java.version.date" value="2019-04-16"/><property name="java.home" value="C:\Program Files\SmartBear\SoapUI-5.6.0\jre"/><property name="file.separator" value="\"/><property name="java.vm.compressedOopsMode" value="32-bit"/><property name="line.separator" value="
"/><property name="java.vm.specification.vendor" value="Oracle Corporation"/><property name="java.specification.name" value="Java Platform API Specification"/><property name="soapui.ext.listeners" value="C:\Program Files\SmartBear\SoapUI-5.6.0\bin\listeners"/><property name="java.awt.graphicsenv" value="sun.awt.Win32GraphicsEnvironment"/><property name="user.script" value=""/><property name="sun.management.compiler" value="HotSpot 64-Bit Tiered Compilers"/><property name="java.runtime.version" value="12.0.1+12"/><property name="user.name" value="Mamoudou"/><property name="path.separator" value=";"/><property name="os.version" value="10.0"/><property name="java.runtime.name" value="OpenJDK Runtime Environment"/><property name="file.encoding" value="Cp1252"/><property name="soapui.ext.libraries" value="C:\Program Files\SmartBear\SoapUI-5.6.0\bin\ext"/><property name="java.vm.name" value="OpenJDK 64-Bit Server VM"/><property name="java.vendor.url.bug" value="https://bugreport.java.com/bugreport/"/><property name="java.io.tmpdir" value="C:\Users\Mamoudou\AppData\Local\Temp\"/><property name="java.version" value="12.0.1"/><property name="user.dir" value="C:\Program Files\SmartBear\SoapUI-5.6.0\bin"/><property name="os.arch" value="amd64"/><property name="java.vm.specification.name" value="Java Virtual Machine Specification"/><property name="user.language.format" value="sv"/><property name="sun.os.patch.level" value=""/><property name="java.library.path" value="C:\Program Files\SmartBear\SoapUI-5.6.0\jre\bin;C:\WINDOWS\Sun\Java\bin;C:\WINDOWS\system32;C:\WINDOWS;C:\Users\Mamoudou\AppData\Local\Programs\Python\Python39\Scripts\;C:\Users\Mamoudou\AppData\Local\Programs\Python\Python39\;C:\Program Files (x86)\Common Files\Oracle\Java\javapath;C:\ProgramData\Oracle\Java\javapath;C:\WINDOWS\system32;C:\WINDOWS;C:\WINDOWS\System32\Wbem;C:\WINDOWS\System32\WindowsPowerShell\v1.0\;C:\Program Files\Microsoft SQL Server\110\Tools\Binn\;C:\Program Files\Microsoft SQL Server\120\Tools\Binn\;c:\Program Files (x86)\Microsoft SQL Server\110\Tools\Binn\;c:\Program Files\Microsoft SQL Server\110\DTS\Binn\;c:\Program Files (x86)\Microsoft SQL Server\110\Tools\Binn\ManagementStudio\;c:\Program Files (x86)\Microsoft SQL Server\110\DTS\Binn\;C:\Program Files\Microsoft SQL Server\Client SDK\ODBC\110\Tools\Binn\;C:\Program Files (x86)\Microsoft SQL Server\120\Tools\Binn\;C:\Program Files\Microsoft SQL Server\120\DTS\Binn\;C:\Program Files (x86)\Microsoft SQL Server\120\Tools\Binn\ManagementStudio\;C:\Program Files (x86)\Microsoft SQL Server\120\DTS\Binn\;C:\Program Files\Microsoft\Web Platform Installer\;C:\Program Files\Windows Fabric\bin\Fabric\Fabric.Code.1.0;c:\Program Files (x86)\Microsoft SQL Server\100\Tools\Binn\VSShell\Common7\IDE\;c:\Program Files (x86)\Microsoft SQL Server\100\Tools\Binn\;c:\Program Files\Microsoft SQL Server\100\Tools\Binn\;c:\Program Files (x86)\Microsoft SQL Server\100\DTS\Binn\;C:\Program Files (x86)\Microsoft SDKs\Azure\CLI\wbin;%CATALINA_HOME;C:\Program Files\apache-maven-3.3.9\bin;C:\Program Files\Java\jdk-16.0.2;C:\Program Files\Java\jdk-16.0.2\jre1.8.0_91\bin;C:\Program Files\ibm\gsk8\lib64;C:\Program Files (x86)\ibm\gsk8\lib;C:\Program Files\Java\gradle-3.3-rc-1/bin;C:\PROGRA~1\IBM\SQLLIB~2\BIN;C:\PROGRA~1\IBM\SQLLIB~2\FUNCTION;C:\PROGRA~1\IBM\SQLLIB~2\SAMPLES\REPL;C:\Program Files\Microsoft SQL Server\130\Tools\Binn\;C:\Program Files\Git\cmd;C:\WINDOWS\System32\OpenSSH\;C:\Program Files\Microsoft SQL Server\Client SDK\ODBC\170\Tools\Binn\;C:\driver;C:\bin\bin2;C:\Program Files\Java\jdk-16.0.2\bin;C:\Program Files (x86)\nodejs\;C:\ProgramData\chocolatey\bin;C:\Program Files\TortoiseGit\bin;C:\Program Files\Git\bin;C:\Program Files\Git\usr\bin;C:\Ruby30-x64\bin;C:\Users\Mamoudou\scoop\shims;C:\Users\Mamoudou\AppData\Local\Microsoft\WindowsApps;D:\dev-tools\tesa.demo.com\Drivers\geckodriver.exe;C:\Users\Mamoudou\scoop\apps\allure\2.13.0\bin;C:\Users\Mamoudou\AppData\Local\Programs\Python\Python39\bin;C:\bin\;;C:\Program Files\JetBrains\IntelliJ IDEA Community Edition 2021.2\bin;;C:\Users\Mamoudou\AppData\Roaming\npm;c:\program files\smartbear\soapui-5.6.0\jre\bin;."/><property name="java.vm.info" value="mixed mode"/><property name="java.vendor" value="Oracle Corporation"/><property name="java.vm.version" value="12.0.1+12"/><property name="sun.io.unicode.encoding" value="UnicodeLittle"/><property name="soapui.ext.actions" value="C:\Program Files\SmartBear\SoapUI-5.6.0\bin\actions"/><property name="java.class.version" value="56.0"/><property name="soapui.properties" value="soapui.properties"/></properties><testcase name="TestCase 1" time="0.589"><properties/></testcase></testsuite>